[22-Mar-2016 12:22:16 UTC] PHP Warning:  include(db_info.php): failed to open stream: No such file or directory in /home/ubuntu/workspace/test/do_login.php on line 18
[22-Mar-2016 12:22:16 UTC] PHP Stack trace:
[22-Mar-2016 12:22:16 UTC] PHP   1. {main}() /home/ubuntu/workspace/test/login.php:0
[22-Mar-2016 12:22:16 UTC] PHP   2. include_once() /home/ubuntu/workspace/test/login.php:16
[22-Mar-2016 12:22:16 UTC] PHP Warning:  include(): Failed opening 'db_info.php' for inclusion (include_path='.:/usr/share/php:/usr/share/pear') in /home/ubuntu/workspace/test/do_login.php on line 18
[22-Mar-2016 12:22:16 UTC] PHP Stack trace:
[22-Mar-2016 12:22:16 UTC] PHP   1. {main}() /home/ubuntu/workspace/test/login.php:0
[22-Mar-2016 12:22:16 UTC] PHP   2. include_once() /home/ubuntu/workspace/test/login.php:16
[22-Mar-2016 12:22:16 UTC] PHP Warning:  mysqli_query() expects parameter 1 to be mysqli, null given in /home/ubuntu/workspace/test/do_login.php on line 21
[22-Mar-2016 12:22:16 UTC] PHP Stack trace:
[22-Mar-2016 12:22:16 UTC] PHP   1. {main}() /home/ubuntu/workspace/test/login.php:0
[22-Mar-2016 12:22:16 UTC] PHP   2. include_once() /home/ubuntu/workspace/test/login.php:16
[22-Mar-2016 12:22:16 UTC] PHP   3. mysqli_query() /home/ubuntu/workspace/test/do_login.php:21
[22-Mar-2016 12:22:16 UTC] PHP Warning:  mysqli_fetch_assoc() expects parameter 1 to be mysqli_result, null given in /home/ubuntu/workspace/test/do_login.php on line 25
[22-Mar-2016 12:22:16 UTC] PHP Stack trace:
[22-Mar-2016 12:22:16 UTC] PHP   1. {main}() /home/ubuntu/workspace/test/login.php:0
[22-Mar-2016 12:22:16 UTC] PHP   2. include_once() /home/ubuntu/workspace/test/login.php:16
[22-Mar-2016 12:22:16 UTC] PHP   3. mysqli_fetch_assoc() /home/ubuntu/workspace/test/do_login.php:25
[22-Mar-2016 13:56:41 UTC] PHP Warning:  include(./login/config.php): failed to open stream: No such file or directory in /home/ubuntu/workspace/login/private.php on line 2
[22-Mar-2016 13:56:41 UTC] PHP Stack trace:
[22-Mar-2016 13:56:41 UTC] PHP   1. {main}() /home/ubuntu/workspace/login/private.php:0
[22-Mar-2016 13:56:41 UTC] PHP Warning:  include(): Failed opening './login/config.php' for inclusion (include_path='.:/usr/share/php:/usr/share/pear') in /home/ubuntu/workspace/login/private.php on line 2
[22-Mar-2016 13:56:41 UTC] PHP Stack trace:
[22-Mar-2016 13:56:41 UTC] PHP   1. {main}() /home/ubuntu/workspace/login/private.php:0
[22-Mar-2016 14:03:11 UTC] PHP Warning:  require_once(./login/config.php): failed to open stream: No such file or directory in /home/ubuntu/workspace/login/login.php on line 2
[22-Mar-2016 14:03:11 UTC] PHP Stack trace:
[22-Mar-2016 14:03:11 UTC] PHP   1. {main}() /home/ubuntu/workspace/login/login.php:0
[22-Mar-2016 14:03:11 UTC] PHP Fatal error:  require_once(): Failed opening required './login/config.php' (include_path='.:/usr/share/php:/usr/share/pear') in /home/ubuntu/workspace/login/login.php on line 2
[22-Mar-2016 14:03:11 UTC] PHP Stack trace:
[22-Mar-2016 14:03:11 UTC] PHP   1. {main}() /home/ubuntu/workspace/login/login.php:0
[22-Mar-2016 14:03:11 UTC] PHP Warning:  require_once(./login/config.php): failed to open stream: No such file or directory in /home/ubuntu/workspace/login/login.php on line 2
[22-Mar-2016 14:03:11 UTC] PHP Stack trace:
[22-Mar-2016 14:03:11 UTC] PHP   1. {main}() /home/ubuntu/workspace/login/login.php:0
[22-Mar-2016 14:03:11 UTC] PHP Fatal error:  require_once(): Failed opening required './login/config.php' (include_path='.:/usr/share/php:/usr/share/pear') in /home/ubuntu/workspace/login/login.php on line 2
[22-Mar-2016 14:03:11 UTC] PHP Stack trace:
[22-Mar-2016 14:03:11 UTC] PHP   1. {main}() /home/ubuntu/workspace/login/login.php:0
[22-Mar-2016 14:05:39 UTC] PHP Warning:  require_once(./login/config.php): failed to open stream: No such file or directory in /home/ubuntu/workspace/login/login.php on line 2
[22-Mar-2016 14:05:39 UTC] PHP Stack trace:
[22-Mar-2016 14:05:39 UTC] PHP   1. {main}() /home/ubuntu/workspace/login/login.php:0
[22-Mar-2016 14:05:39 UTC] PHP Fatal error:  require_once(): Failed opening required './login/config.php' (include_path='.:/usr/share/php:/usr/share/pear') in /home/ubuntu/workspace/login/login.php on line 2
[22-Mar-2016 14:05:39 UTC] PHP Stack trace:
[22-Mar-2016 14:05:39 UTC] PHP   1. {main}() /home/ubuntu/workspace/login/login.php:0
[22-Mar-2016 14:05:39 UTC] PHP Warning:  require_once(./login/config.php): failed to open stream: No such file or directory in /home/ubuntu/workspace/login/login.php on line 2
[22-Mar-2016 14:05:39 UTC] PHP Stack trace:
[22-Mar-2016 14:05:39 UTC] PHP   1. {main}() /home/ubuntu/workspace/login/login.php:0
[22-Mar-2016 14:05:39 UTC] PHP Fatal error:  require_once(): Failed opening required './login/config.php' (include_path='.:/usr/share/php:/usr/share/pear') in /home/ubuntu/workspace/login/login.php on line 2
[22-Mar-2016 14:05:39 UTC] PHP Stack trace:
[22-Mar-2016 14:05:39 UTC] PHP   1. {main}() /home/ubuntu/workspace/login/login.php:0
[22-Mar-2016 14:36:46 UTC] PHP Warning:  include(list.php): failed to open stream: No such file or directory in /home/ubuntu/workspace/login/private.php on line 26
[22-Mar-2016 14:36:46 UTC] PHP Stack trace:
[22-Mar-2016 14:36:46 UTC] PHP   1. {main}() /home/ubuntu/workspace/login/private.php:0
[22-Mar-2016 14:36:46 UTC] PHP Warning:  include(): Failed opening 'list.php' for inclusion (include_path='.:/usr/share/php:/usr/share/pear') in /home/ubuntu/workspace/login/private.php on line 26
[22-Mar-2016 14:36:46 UTC] PHP Stack trace:
[22-Mar-2016 14:36:46 UTC] PHP   1. {main}() /home/ubuntu/workspace/login/private.php:0
[22-Mar-2016 14:37:20 UTC] PHP Warning:  include(./list.php): failed to open stream: No such file or directory in /home/ubuntu/workspace/login/private.php on line 25
[22-Mar-2016 14:37:20 UTC] PHP Stack trace:
[22-Mar-2016 14:37:20 UTC] PHP   1. {main}() /home/ubuntu/workspace/login/private.php:0
[22-Mar-2016 14:37:20 UTC] PHP Warning:  include(): Failed opening './list.php' for inclusion (include_path='.:/usr/share/php:/usr/share/pear') in /home/ubuntu/workspace/login/private.php on line 25
[22-Mar-2016 14:37:20 UTC] PHP Stack trace:
[22-Mar-2016 14:37:20 UTC] PHP   1. {main}() /home/ubuntu/workspace/login/private.php:0
[22-Mar-2016 14:37:29 UTC] PHP Warning:  include(/list.php): failed to open stream: No such file or directory in /home/ubuntu/workspace/login/private.php on line 25
[22-Mar-2016 14:37:29 UTC] PHP Stack trace:
[22-Mar-2016 14:37:29 UTC] PHP   1. {main}() /home/ubuntu/workspace/login/private.php:0
[22-Mar-2016 14:37:29 UTC] PHP Warning:  include(): Failed opening '/list.php' for inclusion (include_path='.:/usr/share/php:/usr/share/pear') in /home/ubuntu/workspace/login/private.php on line 25
[22-Mar-2016 14:37:29 UTC] PHP Stack trace:
[22-Mar-2016 14:37:29 UTC] PHP   1. {main}() /home/ubuntu/workspace/login/private.php:0
[22-Mar-2016 14:37:47 UTC] PHP Warning:  include(hairjjangjjangman/list.php): failed to open stream: No such file or directory in /home/ubuntu/workspace/login/private.php on line 25
[22-Mar-2016 14:37:47 UTC] PHP Stack trace:
[22-Mar-2016 14:37:47 UTC] PHP   1. {main}() /home/ubuntu/workspace/login/private.php:0
[22-Mar-2016 14:37:47 UTC] PHP Warning:  include(): Failed opening 'hairjjangjjangman/list.php' for inclusion (include_path='.:/usr/share/php:/usr/share/pear') in /home/ubuntu/workspace/login/private.php on line 25
[22-Mar-2016 14:37:47 UTC] PHP Stack trace:
[22-Mar-2016 14:37:47 UTC] PHP   1. {main}() /home/ubuntu/workspace/login/private.php:0
[22-Mar-2016 14:38:22 UTC] PHP Warning:  include(hairjjangjjangman/list.php): failed to open stream: No such file or directory in /home/ubuntu/workspace/login/private.php on line 25
[22-Mar-2016 14:38:22 UTC] PHP Stack trace:
[22-Mar-2016 14:38:22 UTC] PHP   1. {main}() /home/ubuntu/workspace/login/private.php:0
[22-Mar-2016 14:38:22 UTC] PHP Warning:  include(): Failed opening 'hairjjangjjangman/list.php' for inclusion (include_path='.:/usr/share/php:/usr/share/pear') in /home/ubuntu/workspace/login/private.php on line 25
[22-Mar-2016 14:38:22 UTC] PHP Stack trace:
[22-Mar-2016 14:38:22 UTC] PHP   1. {main}() /home/ubuntu/workspace/login/private.php:0
[22-Mar-2016 14:38:27 UTC] PHP Warning:  include(hairjjangjjangman/list.php): failed to open stream: No such file or directory in /home/ubuntu/workspace/login/private.php on line 25
[22-Mar-2016 14:38:27 UTC] PHP Stack trace:
[22-Mar-2016 14:38:27 UTC] PHP   1. {main}() /home/ubuntu/workspace/login/private.php:0
[22-Mar-2016 14:38:27 UTC] PHP Warning:  include(): Failed opening 'hairjjangjjangman/list.php' for inclusion (include_path='.:/usr/share/php:/usr/share/pear') in /home/ubuntu/workspace/login/private.php on line 25
[22-Mar-2016 14:38:27 UTC] PHP Stack trace:
[22-Mar-2016 14:38:27 UTC] PHP   1. {main}() /home/ubuntu/workspace/login/private.php:0
[22-Mar-2016 14:40:42 UTC] PHP Warning:  include(/list.php): failed to open stream: No such file or directory in /home/ubuntu/workspace/login/private.php on line 25
[22-Mar-2016 14:40:42 UTC] PHP Stack trace:
[22-Mar-2016 14:40:42 UTC] PHP   1. {main}() /home/ubuntu/workspace/login/private.php:0
[22-Mar-2016 14:40:42 UTC] PHP Warning:  include(): Failed opening '/list.php' for inclusion (include_path='.:/usr/share/php:/usr/share/pear') in /home/ubuntu/workspace/login/private.php on line 25
[22-Mar-2016 14:40:42 UTC] PHP Stack trace:
[22-Mar-2016 14:40:42 UTC] PHP   1. {main}() /home/ubuntu/workspace/login/private.php:0
[22-Mar-2016 14:45:28 UTC] PHP Warning:  include(db_info.php): failed to open stream: No such file or directory in /home/ubuntu/workspace/login/private.php on line 28
[22-Mar-2016 14:45:28 UTC] PHP Stack trace:
[22-Mar-2016 14:45:28 UTC] PHP   1. {main}() /home/ubuntu/workspace/login/private.php:0
[22-Mar-2016 14:45:28 UTC] PHP Warning:  include(): Failed opening 'db_info.php' for inclusion (include_path='.:/usr/share/php:/usr/share/pear') in /home/ubuntu/workspace/login/private.php on line 28
[22-Mar-2016 14:45:28 UTC] PHP Stack trace:
[22-Mar-2016 14:45:28 UTC] PHP   1. {main}() /home/ubuntu/workspace/login/private.php:0
[22-Mar-2016 14:45:28 UTC] PHP Warning:  mysqli_query() expects parameter 1 to be mysqli, null given in /home/ubuntu/workspace/login/private.php on line 30
[22-Mar-2016 14:45:28 UTC] PHP Stack trace:
[22-Mar-2016 14:45:28 UTC] PHP   1. {main}() /home/ubuntu/workspace/login/private.php:0
[22-Mar-2016 14:45:28 UTC] PHP   2. mysqli_query() /home/ubuntu/workspace/login/private.php:30
[22-Mar-2016 14:45:28 UTC] PHP Warning:  include(topBar.php): failed to open stream: No such file or directory in /home/ubuntu/workspace/login/private.php on line 46
[22-Mar-2016 14:45:28 UTC] PHP Stack trace:
[22-Mar-2016 14:45:28 UTC] PHP   1. {main}() /home/ubuntu/workspace/login/private.php:0
[22-Mar-2016 14:45:28 UTC] PHP Warning:  include(): Failed opening 'topBar.php' for inclusion (include_path='.:/usr/share/php:/usr/share/pear') in /home/ubuntu/workspace/login/private.php on line 46
[22-Mar-2016 14:45:28 UTC] PHP Stack trace:
[22-Mar-2016 14:45:28 UTC] PHP   1. {main}() /home/ubuntu/workspace/login/private.php:0
[22-Mar-2016 14:45:28 UTC] PHP Warning:  mysqli_fetch_assoc() expects parameter 1 to be mysqli_result, null given in /home/ubuntu/workspace/login/private.php on line 52
[22-Mar-2016 14:45:28 UTC] PHP Stack trace:
[22-Mar-2016 14:45:28 UTC] PHP   1. {main}() /home/ubuntu/workspace/login/private.php:0
[22-Mar-2016 14:45:28 UTC] PHP   2. mysqli_fetch_assoc() /home/ubuntu/workspace/login/private.php:52
[22-Mar-2016 14:47:52 UTC] PHP Warning:  include(topBar.php): failed to open stream: No such file or directory in /home/ubuntu/workspace/login/list.php on line 23
[22-Mar-2016 14:47:52 UTC] PHP Stack trace:
[22-Mar-2016 14:47:52 UTC] PHP   1. {main}() /home/ubuntu/workspace/login/private.php:0
[22-Mar-2016 14:47:52 UTC] PHP   2. include() /home/ubuntu/workspace/login/private.php:26
[22-Mar-2016 14:47:52 UTC] PHP Warning:  include(): Failed opening 'topBar.php' for inclusion (include_path='.:/usr/share/php:/usr/share/pear') in /home/ubuntu/workspace/login/list.php on line 23
[22-Mar-2016 14:47:52 UTC] PHP Stack trace:
[22-Mar-2016 14:47:52 UTC] PHP   1. {main}() /home/ubuntu/workspace/login/private.php:0
[22-Mar-2016 14:47:52 UTC] PHP   2. include() /home/ubuntu/workspace/login/private.php:26
[22-Mar-2016 14:48:06 UTC] PHP Warning:  include(session.php): failed to open stream: No such file or directory in /home/ubuntu/workspace/login/topBar.php on line 4
[22-Mar-2016 14:48:06 UTC] PHP Stack trace:
[22-Mar-2016 14:48:06 UTC] PHP   1. {main}() /home/ubuntu/workspace/login/private.php:0
[22-Mar-2016 14:48:06 UTC] PHP   2. include() /home/ubuntu/workspace/login/private.php:26
[22-Mar-2016 14:48:06 UTC] PHP   3. include() /home/ubuntu/workspace/login/list.php:23
[22-Mar-2016 14:48:06 UTC] PHP Warning:  include(): Failed opening 'session.php' for inclusion (include_path='.:/usr/share/php:/usr/share/pear') in /home/ubuntu/workspace/login/topBar.php on line 4
[22-Mar-2016 14:48:06 UTC] PHP Stack trace:
[22-Mar-2016 14:48:06 UTC] PHP   1. {main}() /home/ubuntu/workspace/login/private.php:0
[22-Mar-2016 14:48:06 UTC] PHP   2. include() /home/ubuntu/workspace/login/private.php:26
[22-Mar-2016 14:48:06 UTC] PHP   3. include() /home/ubuntu/workspace/login/list.php:23
